<?xml version="1.0" encoding="UTF-8"?>
<!-- Generated by org.testng.reporters.JUnitXMLReporter -->
<testsuite ignored="0" hostname="BHUMI" failures="1" tests="9" name="Surefire test" time="126.997" errors="0" timestamp="2025-09-13T15:05:26 IST">
  <testcase classname="com.automationpractice.tests.CreateAccountTest" name="createAccountTest" time="2.317"/>
  <testcase classname="com.automationpractice.tests.HomeBannersTest" name="testBannerCount" time="0.07"/>
  <testcase classname="com.automationpractice.tests.HomeBannersTest" name="testBannerDetails" time="4.386"/>
  <testcase classname="com.automationpractice.tests.HomeBannersTest" name="testBannersDisplayed" time="0.104"/>
  <testcase classname="com.automationpractice.tests.HomeBannersTest" name="testClickBanner" time="2.967"/>
  <testcase classname="com.automationpractice.tests.HomepageTest" name="testHomePageTitle" time="0.042"/>
  <testcase classname="com.automationpractice.tests.LoginTest" name="loginTest" time="3.12"/>
  <testcase classname="com.automationpractice.tests.SearchTest" name="searchBarTest" time="0.367"/>
  <testcase classname="com.automationpractice.tests.SwitchTabTest" name="switchTabsTest" time="4.255">
    <failure type="org.openqa.selenium.NoSuchElementException" message="no such element: Unable to locate element: {&amp;quot;method&amp;quot;:&amp;quot;xpath&amp;quot;,&amp;quot;selector&amp;quot;:&amp;quot;//ul[@class=&amp;apos;sf-menu&amp;apos;]//a[@title=&amp;apos;Dresses&amp;apos;][not(ancestor::ul[contains(@style,&amp;apos;display: none&amp;apos;)])]&amp;quot;}
  (Session info: chrome=140.0.7339.81)
For documentation on this error, please visit: https://www.selenium.dev/documentation/webdriver/troubleshooting/errors#no-such-element-exception
Build info: version: &amp;apos;4.35.0&amp;apos;, revision: &amp;apos;1c58e5028b&amp;apos;
System info: os.name: &amp;apos;Windows 11&amp;apos;, os.arch: &amp;apos;amd64&amp;apos;, os.version: &amp;apos;10.0&amp;apos;, java.version: &amp;apos;21.0.8&amp;apos;
Driver info: org.openqa.selenium.chrome.ChromeDriver
Command: [7081ce82f01fcdf4ced2337ba9699b47, findElement {using=xpath, value=//ul[@class=&amp;apos;sf-menu&amp;apos;]//a[@title=&amp;apos;Dresses&amp;apos;][not(ancestor::ul[contains(@style,&amp;apos;display: none&amp;apos;)])]}]
Capabilities {acceptInsecureCerts: false, browserName: chrome, browserVersion: 140.0.7339.81, chrome: {chromedriverVersion: 140.0.7339.82 (bc93617e21c3..., userDataDir: C:\Users\pc\AppData\Local\T...}, fedcm:accounts: true, goog:chromeOptions: {debuggerAddress: localhost:49552}, networkConnectionEnabled: false, pageLoadStrategy: normal, platformName: windows, proxy: Proxy(), se:cdp: ws://localhost:49552/devtoo..., se:cdpVersion: 140.0.7339.81, setWindowRect: true, strictFileInteractability: false, timeouts: {implicit: 0, pageLoad: 300000, script: 30000}, unhandledPromptBehavior: dismiss and notify, webauthn:extension:credBlob: true, webauthn:extension:largeBlob: true, webauthn:extension:minPinLength: true, webauthn:extension:prf: true, webauthn:virtualAuthenticators: true}
Session ID: 7081ce82f01fcdf4ced2337ba9699b47">
      <![CDATA[org.openqa.selenium.NoSuchElementException: no such element: Unable to locate element: {"method":"xpath","selector":"//ul[@class='sf-menu']//a[@title='Dresses'][not(ancestor::ul[contains(@style,'display: none')])]"}
  (Session info: chrome=140.0.7339.81)
For documentation on this error, please visit: https://www.selenium.dev/documentation/webdriver/troubleshooting/errors#no-such-element-exception
Build info: version: '4.35.0', revision: '1c58e5028b'
System info: os.name: 'Windows 11', os.arch: 'amd64', os.version: '10.0', java.version: '21.0.8'
Driver info: org.openqa.selenium.chrome.ChromeDriver
Command: [7081ce82f01fcdf4ced2337ba9699b47, findElement {using=xpath, value=//ul[@class='sf-menu']//a[@title='Dresses'][not(ancestor::ul[contains(@style,'display: none')])]}]
Capabilities {acceptInsecureCerts: false, browserName: chrome, browserVersion: 140.0.7339.81, chrome: {chromedriverVersion: 140.0.7339.82 (bc93617e21c3..., userDataDir: C:\Users\pc\AppData\Local\T...}, fedcm:accounts: true, goog:chromeOptions: {debuggerAddress: localhost:49552}, networkConnectionEnabled: false, pageLoadStrategy: normal, platformName: windows, proxy: Proxy(), se:cdp: ws://localhost:49552/devtoo..., se:cdpVersion: 140.0.7339.81, setWindowRect: true, strictFileInteractability: false, timeouts: {implicit: 0, pageLoad: 300000, script: 30000}, unhandledPromptBehavior: dismiss and notify, webauthn:extension:credBlob: true, webauthn:extension:largeBlob: true, webauthn:extension:minPinLength: true, webauthn:extension:prf: true, webauthn:virtualAuthenticators: true}
Session ID: 7081ce82f01fcdf4ced2337ba9699b47
at org.openqa.selenium.remote.ErrorCodec.decode(ErrorCodec.java:167)
at org.openqa.selenium.remote.codec.w3c.W3CHttpResponseCodec.decode(W3CHttpResponseCodec.java:138)
at org.openqa.selenium.remote.codec.w3c.W3CHttpResponseCodec.decode(W3CHttpResponseCodec.java:50)
at org.openqa.selenium.remote.HttpCommandExecutor.execute(HttpCommandExecutor.java:215)
at org.openqa.selenium.remote.service.DriverCommandExecutor.invokeExecute(DriverCommandExecutor.java:216)
at org.openqa.selenium.remote.service.DriverCommandExecutor.execute(DriverCommandExecutor.java:174)
at org.openqa.selenium.remote.RemoteWebDriver.execute(RemoteWebDriver.java:557)
at org.openqa.selenium.remote.ElementLocation$ElementFinder$2.findElement(ElementLocation.java:165)
at org.openqa.selenium.remote.ElementLocation.findElement(ElementLocation.java:59)
at org.openqa.selenium.remote.RemoteWebDriver.findElement(RemoteWebDriver.java:380)
at org.openqa.selenium.remote.RemoteWebDriver.findElement(RemoteWebDriver.java:374)
at com.automationpractice.pages.TabSwitch.switchToTabByTitle(TabSwitch.java:29)
at com.automationpractice.pages.TabSwitch.switchToTab1(TabSwitch.java:50)
at com.automationpractice.tests.SwitchTabTest.switchTabsTest(SwitchTabTest.java:14)
at java.base/java.util.ArrayList.forEach(ArrayList.java:1596)
... Removed 33 stack frames]]>
    </failure>
  </testcase> <!-- switchTabsTest -->
</testsuite> <!-- Surefire test -->
