<!DOCTYPE html PUBLIC "-//W3C//DTD XHTML 1.1//EN" "https://www.w3.org/TR/xhtml11/DTD/xhtml11.dtd">
<html xmlns="https://www.w3.org/1999/xhtml">
<head>
<meta http-equiv="content-type" content="text/html; charset=UTF-8"/>
<title>TestNG Report</title>
<style type="text/css">table {margin-bottom:10px;border-collapse:collapse;empty-cells:show}th,td {border:1px solid #009;padding:.25em .5em}th {vertical-align:bottom}td {vertical-align:top}table a {font-weight:bold}.stripe td {background-color: #E6EBF9}.num {text-align:right}.passedodd td {background-color: #3F3}.passedeven td {background-color: #0A0}.skippedodd td {background-color: #DDD}.skippedeven td {background-color: #CCC}.failedodd td,.attn {background-color: #F33}.failedeven td,.stripe .attn {background-color: #D00}.stacktrace {white-space:pre;font-family:monospace}.totop {font-size:85%;text-align:center;border-bottom:2px solid #000}.invisible {display:none}</style>
</head>
<body>
<table>
<tr><th>Test</th><th># Passed</th><th># Skipped</th><th># Retried</th><th># Failed</th><th>Time (ms)</th><th>Included Groups</th><th>Excluded Groups</th></tr>
<tr><th colspan="8">AutomationPractice Suite</th></tr>
<tr><td><a href="#t0">Chrome Tests</a></td><td class="num">4</td><td class="num">0</td><td class="num">0</td><td class="num attn">1</td><td class="num">60,707</td><td></td><td></td></tr>
<tr class="stripe"><td><a href="#t1">Edge Tests</a></td><td class="num">4</td><td class="num">0</td><td class="num">0</td><td class="num attn">1</td><td class="num">67,068</td><td></td><td></td></tr>
<tr><td><a href="#t2">Firefox Tests</a></td><td class="num">4</td><td class="num">0</td><td class="num">0</td><td class="num attn">1</td><td class="num">79,620</td><td></td><td></td></tr>
<tr><th>Total</th><th class="num">12</th><th class="num">0</th><th class="num">0</th><th class="num attn">3</th><th class="num">207,395</th><th colspan="2"></th></tr>
</table>
<table id='summary'><thead><tr><th>Class</th><th>Method</th><th>Start</th><th>Time (ms)</th></tr></thead><tbody><tr><th colspan="4">AutomationPractice Suite</th></tr></tbody><tbody id="t0"><tr><th colspan="4">Chrome Tests &#8212; failed</th></tr><tr class="failedeven"><td rowspan="1">com.automationpractice.tests.SwitchTabTest</td><td><a href="#m0">switchTabsTest</a></td><td rowspan="1">1756210036356</td><td rowspan="1">44</td></tr><tr><th colspan="4">Chrome Tests &#8212; passed</th></tr><tr class="passedeven"><td rowspan="1">com.automationpractice.tests.CreateAccountTest</td><td><a href="#m1">createAccountTest</a></td><td rowspan="1">1756210057634</td><td rowspan="1">4431</td></tr><tr class="passedodd"><td rowspan="1">com.automationpractice.tests.HomepageTest</td><td><a href="#m2">testHomePageTitle</a></td><td rowspan="1">1756210013044</td><td rowspan="1">31</td></tr><tr class="passedeven"><td rowspan="1">com.automationpractice.tests.LoginTest</td><td><a href="#m3">loginTest</a></td><td rowspan="1">1756210041303</td><td rowspan="1">7292</td></tr><tr class="passedodd"><td rowspan="1">com.automationpractice.tests.SearchTest</td><td><a href="#m4">searchBarTest</a></td><td rowspan="1">1756210023499</td><td rowspan="1">2888</td></tr></tbody>
<tbody id="t1"><tr><th colspan="4">Edge Tests &#8212; failed</th></tr><tr class="failedeven"><td rowspan="1">com.automationpractice.tests.SwitchTabTest</td><td><a href="#m5">switchTabsTest</a></td><td rowspan="1">1756210036347</td><td rowspan="1">5533</td></tr><tr><th colspan="4">Edge Tests &#8212; passed</th></tr><tr class="passedeven"><td rowspan="1">com.automationpractice.tests.CreateAccountTest</td><td><a href="#m6">createAccountTest</a></td><td rowspan="1">1756210066661</td><td rowspan="1">1836</td></tr><tr class="passedodd"><td rowspan="1">com.automationpractice.tests.HomepageTest</td><td><a href="#m7">testHomePageTitle</a></td><td rowspan="1">1756210012656</td><td rowspan="1">65</td></tr><tr class="passedeven"><td rowspan="1">com.automationpractice.tests.LoginTest</td><td><a href="#m8">loginTest</a></td><td rowspan="1">1756210051833</td><td rowspan="1">6422</td></tr><tr class="passedodd"><td rowspan="1">com.automationpractice.tests.SearchTest</td><td><a href="#m9">searchBarTest</a></td><td rowspan="1">1756210027520</td><td rowspan="1">2365</td></tr></tbody>
<tbody id="t2"><tr><th colspan="4">Firefox Tests &#8212; failed</th></tr><tr class="failedeven"><td rowspan="1">com.automationpractice.tests.SwitchTabTest</td><td><a href="#m10">switchTabsTest</a></td><td rowspan="1">1756210049162</td><td rowspan="1">68</td></tr><tr><th colspan="4">Firefox Tests &#8212; passed</th></tr><tr class="passedeven"><td rowspan="1">com.automationpractice.tests.CreateAccountTest</td><td><a href="#m11">createAccountTest</a></td><td rowspan="1">1756210078336</td><td rowspan="1">1721</td></tr><tr class="passedodd"><td rowspan="1">com.automationpractice.tests.HomepageTest</td><td><a href="#m12">testHomePageTitle</a></td><td rowspan="1">1756210016729</td><td rowspan="1">22</td></tr><tr class="passedeven"><td rowspan="1">com.automationpractice.tests.LoginTest</td><td><a href="#m13">loginTest</a></td><td rowspan="1">1756210064390</td><td rowspan="1">2185</td></tr><tr class="passedodd"><td rowspan="1">com.automationpractice.tests.SearchTest</td><td><a href="#m14">searchBarTest</a></td><td rowspan="1">1756210032365</td><td rowspan="1">367</td></tr></tbody>
</table>
<h2>Chrome Tests</h2><h3 id="m0">com.automationpractice.tests.SwitchTabTest#switchTabsTest</h3><table class="result"><tr><th>Exception</th></tr><tr><td><div class="stacktrace">org.openqa.selenium.NoSuchElementException: no such element: Unable to locate element: {&quot;method&quot;:&quot;xpath&quot;,&quot;selector&quot;:&quot;//ul[@class=&apos;sf-menu&apos;]//a[@title=&apos;Women&apos;]&quot;}
  (Session info: chrome=139.0.7258.139)
For documentation on this error, please visit: https://www.selenium.dev/documentation/webdriver/troubleshooting/errors#no-such-element-exception
Build info: version: &apos;4.35.0&apos;, revision: &apos;1c58e5028b&apos;
System info: os.name: &apos;Windows 11&apos;, os.arch: &apos;amd64&apos;, os.version: &apos;10.0&apos;, java.version: &apos;21.0.7&apos;
Driver info: org.openqa.selenium.chrome.ChromeDriver
Command: [73a72c254afc0d96dee97d66c676ec03, findElement {using=xpath, value=//ul[@class=&apos;sf-menu&apos;]//a[@title=&apos;Women&apos;]}]
Capabilities {acceptInsecureCerts: false, browserName: chrome, browserVersion: 139.0.7258.139, chrome: {chromedriverVersion: 139.0.7258.138 (884e54ea8d4..., userDataDir: C:\Users\JANMEJ~1\AppData\L...}, fedcm:accounts: true, goog:chromeOptions: {debuggerAddress: localhost:49388}, networkConnectionEnabled: false, pageLoadStrategy: normal, platformName: windows, proxy: Proxy(), se:cdp: ws://localhost:49388/devtoo..., se:cdpVersion: 139.0.7258.139, setWindowRect: true, strictFileInteractability: false, timeouts: {implicit: 0, pageLoad: 300000, script: 30000}, unhandledPromptBehavior: dismiss and notify, webauthn:extension:credBlob: true, webauthn:extension:largeBlob: true, webauthn:extension:minPinLength: true, webauthn:extension:prf: true, webauthn:virtualAuthenticators: true}
Session ID: 73a72c254afc0d96dee97d66c676ec03
	at org.openqa.selenium.remote.ErrorCodec.decode(ErrorCodec.java:167)
	at org.openqa.selenium.remote.codec.w3c.W3CHttpResponseCodec.decode(W3CHttpResponseCodec.java:138)
	at org.openqa.selenium.remote.codec.w3c.W3CHttpResponseCodec.decode(W3CHttpResponseCodec.java:50)
	at org.openqa.selenium.remote.HttpCommandExecutor.execute(HttpCommandExecutor.java:215)
	at org.openqa.selenium.remote.service.DriverCommandExecutor.invokeExecute(DriverCommandExecutor.java:216)
	at org.openqa.selenium.remote.service.DriverCommandExecutor.execute(DriverCommandExecutor.java:174)
	at org.openqa.selenium.remote.RemoteWebDriver.execute(RemoteWebDriver.java:557)
	at org.openqa.selenium.remote.ElementLocation$ElementFinder$2.findElement(ElementLocation.java:165)
	at org.openqa.selenium.remote.ElementLocation.findElement(ElementLocation.java:59)
	at org.openqa.selenium.remote.RemoteWebDriver.findElement(RemoteWebDriver.java:380)
	at org.openqa.selenium.remote.RemoteWebDriver.findElement(RemoteWebDriver.java:374)
	at com.automationpractice.pages.TabSwitch.switchToTab1(TabSwitch.java:29)
	at com.automationpractice.pages.TabSwitch.switchToTab(TabSwitch.java:53)
	at com.automationpractice.tests.SwitchTabTest.switchTabsTest(SwitchTabTest.java:12)
	at java.base/java.util.ArrayList.forEach(ArrayList.java:1596)
	at java.base/java.util.concurrent.FutureTask.run(FutureTask.java:317)
	at java.base/java.util.concurrent.ThreadPoolExecutor.runWorker(ThreadPoolExecutor.java:1144)
	at java.base/java.util.concurrent.ThreadPoolExecutor$Worker.run(ThreadPoolExecutor.java:642)
	at java.base/java.lang.Thread.run(Thread.java:1583)
... Removed 18 stack frames</div></td></tr></table><p class="totop"><a href="#summary">back to summary</a></p>
<h3 id="m1">com.automationpractice.tests.CreateAccountTest#createAccountTest</h3><table class="result"><tr><th class="invisible"/></tr></table><p class="totop"><a href="#summary">back to summary</a></p>
<h3 id="m2">com.automationpractice.tests.HomepageTest#testHomePageTitle</h3><table class="result"><tr><th class="invisible"/></tr></table><p class="totop"><a href="#summary">back to summary</a></p>
<h3 id="m3">com.automationpractice.tests.LoginTest#loginTest</h3><table class="result"><tr><th class="invisible"/></tr></table><p class="totop"><a href="#summary">back to summary</a></p>
<h3 id="m4">com.automationpractice.tests.SearchTest#searchBarTest</h3><table class="result"><tr><th class="invisible"/></tr></table><p class="totop"><a href="#summary">back to summary</a></p>
<h2>Edge Tests</h2><h3 id="m5">com.automationpractice.tests.SwitchTabTest#switchTabsTest</h3><table class="result"><tr><th>Exception</th></tr><tr><td><div class="stacktrace">org.openqa.selenium.NoSuchElementException: no such element: Unable to locate element: {&quot;method&quot;:&quot;xpath&quot;,&quot;selector&quot;:&quot;//ul[@class=&apos;sf-menu&apos;]//a[@title=&apos;Women&apos;]&quot;}
  (Session info: MicrosoftEdge=139.0.3405.119)
For documentation on this error, please visit: https://www.selenium.dev/documentation/webdriver/troubleshooting/errors#no-such-element-exception
Build info: version: &apos;4.35.0&apos;, revision: &apos;1c58e5028b&apos;
System info: os.name: &apos;Windows 11&apos;, os.arch: &apos;amd64&apos;, os.version: &apos;10.0&apos;, java.version: &apos;21.0.7&apos;
Driver info: org.openqa.selenium.edge.EdgeDriver
Command: [5a8932ae788f8d61b653c2b4c740e032, findElement {using=xpath, value=//ul[@class=&apos;sf-menu&apos;]//a[@title=&apos;Women&apos;]}]
Capabilities {acceptInsecureCerts: false, browserName: MicrosoftEdge, browserVersion: 139.0.3405.119, fedcm:accounts: true, ms:edgeOptions: {debuggerAddress: localhost:63738}, msedge: {msedgedriverVersion: 139.0.3405.111 (b50ccf47c3f..., userDataDir: C:\Users\JANMEJ~1\AppData\L...}, networkConnectionEnabled: false, pageLoadStrategy: normal, platformName: windows, proxy: Proxy(), se:cdp: ws://localhost:63738/devtoo..., se:cdpVersion: 139.0.3405.119, setWindowRect: true, strictFileInteractability: false, timeouts: {implicit: 0, pageLoad: 300000, script: 30000}, unhandledPromptBehavior: dismiss and notify, webauthn:extension:credBlob: true, webauthn:extension:largeBlob: true, webauthn:extension:minPinLength: true, webauthn:extension:prf: true, webauthn:virtualAuthenticators: true}
Session ID: 5a8932ae788f8d61b653c2b4c740e032
	at org.openqa.selenium.remote.ErrorCodec.decode(ErrorCodec.java:167)
	at org.openqa.selenium.remote.codec.w3c.W3CHttpResponseCodec.decode(W3CHttpResponseCodec.java:138)
	at org.openqa.selenium.remote.codec.w3c.W3CHttpResponseCodec.decode(W3CHttpResponseCodec.java:50)
	at org.openqa.selenium.remote.HttpCommandExecutor.execute(HttpCommandExecutor.java:215)
	at org.openqa.selenium.remote.service.DriverCommandExecutor.invokeExecute(DriverCommandExecutor.java:216)
	at org.openqa.selenium.remote.service.DriverCommandExecutor.execute(DriverCommandExecutor.java:174)
	at org.openqa.selenium.remote.RemoteWebDriver.execute(RemoteWebDriver.java:557)
	at org.openqa.selenium.remote.ElementLocation$ElementFinder$2.findElement(ElementLocation.java:165)
	at org.openqa.selenium.remote.ElementLocation.findElement(ElementLocation.java:59)
	at org.openqa.selenium.remote.RemoteWebDriver.findElement(RemoteWebDriver.java:380)
	at org.openqa.selenium.remote.RemoteWebDriver.findElement(RemoteWebDriver.java:374)
	at com.automationpractice.pages.TabSwitch.switchToTab1(TabSwitch.java:29)
	at com.automationpractice.pages.TabSwitch.switchToTab(TabSwitch.java:53)
	at com.automationpractice.tests.SwitchTabTest.switchTabsTest(SwitchTabTest.java:12)
	at java.base/java.util.ArrayList.forEach(ArrayList.java:1596)
	at java.base/java.util.concurrent.FutureTask.run(FutureTask.java:317)
	at java.base/java.util.concurrent.ThreadPoolExecutor.runWorker(ThreadPoolExecutor.java:1144)
	at java.base/java.util.concurrent.ThreadPoolExecutor$Worker.run(ThreadPoolExecutor.java:642)
	at java.base/java.lang.Thread.run(Thread.java:1583)
... Removed 18 stack frames</div></td></tr></table><p class="totop"><a href="#summary">back to summary</a></p>
<h3 id="m6">com.automationpractice.tests.CreateAccountTest#createAccountTest</h3><table class="result"><tr><th class="invisible"/></tr></table><p class="totop"><a href="#summary">back to summary</a></p>
<h3 id="m7">com.automationpractice.tests.HomepageTest#testHomePageTitle</h3><table class="result"><tr><th class="invisible"/></tr></table><p class="totop"><a href="#summary">back to summary</a></p>
<h3 id="m8">com.automationpractice.tests.LoginTest#loginTest</h3><table class="result"><tr><th class="invisible"/></tr></table><p class="totop"><a href="#summary">back to summary</a></p>
<h3 id="m9">com.automationpractice.tests.SearchTest#searchBarTest</h3><table class="result"><tr><th class="invisible"/></tr></table><p class="totop"><a href="#summary">back to summary</a></p>
<h2>Firefox Tests</h2><h3 id="m10">com.automationpractice.tests.SwitchTabTest#switchTabsTest</h3><table class="result"><tr><th>Exception</th></tr><tr><td><div class="stacktrace">org.openqa.selenium.NoSuchElementException: Unable to locate element: //ul[@class=&apos;sf-menu&apos;]//a[@title=&apos;Women&apos;]
For documentation on this error, please visit: https://www.selenium.dev/documentation/webdriver/troubleshooting/errors#no-such-element-exception
Build info: version: &apos;4.35.0&apos;, revision: &apos;1c58e5028b&apos;
System info: os.name: &apos;Windows 11&apos;, os.arch: &apos;amd64&apos;, os.version: &apos;10.0&apos;, java.version: &apos;21.0.7&apos;
Driver info: org.openqa.selenium.firefox.FirefoxDriver
Command: [91cee54f-ee0a-4a1b-b92f-aac10dfff095, findElement {using=xpath, value=//ul[@class=&apos;sf-menu&apos;]//a[@title=&apos;Women&apos;]}]
Capabilities {acceptInsecureCerts: true, browserName: firefox, browserVersion: 141.0.2, moz:accessibilityChecks: false, moz:buildID: 20250804082849, moz:geckodriverVersion: 0.36.0, moz:headless: false, moz:platformVersion: 10.0, moz:processID: 1368, moz:profile: C:\Users\JANMEJ~1\AppData\L..., moz:shutdownTimeout: 60000, moz:webdriverClick: true, moz:windowless: false, pageLoadStrategy: normal, platformName: windows, proxy: Proxy(), setWindowRect: true, strictFileInteractability: false, timeouts: {implicit: 0, pageLoad: 300000, script: 30000}, unhandledPromptBehavior: dismiss and notify, userAgent: Mozilla/5.0 (Windows NT 10....}
Session ID: 91cee54f-ee0a-4a1b-b92f-aac10dfff095
	at org.openqa.selenium.remote.ErrorCodec.decode(ErrorCodec.java:167)
	at org.openqa.selenium.remote.codec.w3c.W3CHttpResponseCodec.decode(W3CHttpResponseCodec.java:138)
	at org.openqa.selenium.remote.codec.w3c.W3CHttpResponseCodec.decode(W3CHttpResponseCodec.java:50)
	at org.openqa.selenium.remote.HttpCommandExecutor.execute(HttpCommandExecutor.java:215)
	at org.openqa.selenium.remote.service.DriverCommandExecutor.invokeExecute(DriverCommandExecutor.java:216)
	at org.openqa.selenium.remote.service.DriverCommandExecutor.execute(DriverCommandExecutor.java:174)
	at org.openqa.selenium.remote.RemoteWebDriver.execute(RemoteWebDriver.java:557)
	at org.openqa.selenium.remote.ElementLocation$ElementFinder$2.findElement(ElementLocation.java:165)
	at org.openqa.selenium.remote.ElementLocation.findElement(ElementLocation.java:59)
	at org.openqa.selenium.remote.RemoteWebDriver.findElement(RemoteWebDriver.java:380)
	at org.openqa.selenium.remote.RemoteWebDriver.findElement(RemoteWebDriver.java:374)
	at com.automationpractice.pages.TabSwitch.switchToTab1(TabSwitch.java:29)
	at com.automationpractice.pages.TabSwitch.switchToTab(TabSwitch.java:53)
	at com.automationpractice.tests.SwitchTabTest.switchTabsTest(SwitchTabTest.java:12)
	at java.base/java.util.ArrayList.forEach(ArrayList.java:1596)
	at java.base/java.util.concurrent.FutureTask.run(FutureTask.java:317)
	at java.base/java.util.concurrent.ThreadPoolExecutor.runWorker(ThreadPoolExecutor.java:1144)
	at java.base/java.util.concurrent.ThreadPoolExecutor$Worker.run(ThreadPoolExecutor.java:642)
	at java.base/java.lang.Thread.run(Thread.java:1583)
... Removed 18 stack frames</div></td></tr></table><p class="totop"><a href="#summary">back to summary</a></p>
<h3 id="m11">com.automationpractice.tests.CreateAccountTest#createAccountTest</h3><table class="result"><tr><th class="invisible"/></tr></table><p class="totop"><a href="#summary">back to summary</a></p>
<h3 id="m12">com.automationpractice.tests.HomepageTest#testHomePageTitle</h3><table class="result"><tr><th class="invisible"/></tr></table><p class="totop"><a href="#summary">back to summary</a></p>
<h3 id="m13">com.automationpractice.tests.LoginTest#loginTest</h3><table class="result"><tr><th class="invisible"/></tr></table><p class="totop"><a href="#summary">back to summary</a></p>
<h3 id="m14">com.automationpractice.tests.SearchTest#searchBarTest</h3><table class="result"><tr><th class="invisible"/></tr></table><p class="totop"><a href="#summary">back to summary</a></p>
</body>
</html>
