<?xml version="1.0" encoding="UTF-8"?>
<testng-results ignored="0" total="15" passed="12" failed="3" skipped="0">
  <reporter-output>
  </reporter-output>
  <suite started-at="2025-08-26T17:36:41 IST" name="AutomationPractice Suite" finished-at="2025-08-26T17:38:01 IST" duration-ms="79620">
    <groups>
      <group name="TabSwitch">
        <method signature="SwitchTabTest.switchTabsTest()[pri:0, instance:com.automationpractice.tests.SwitchTabTest@5fe1ce85]" name="switchTabsTest" class="com.automationpractice.tests.SwitchTabTest"/>
        <method signature="SwitchTabTest.switchTabsTest()[pri:0, instance:com.automationpractice.tests.SwitchTabTest@5ccbeb64]" name="switchTabsTest" class="com.automationpractice.tests.SwitchTabTest"/>
        <method signature="SwitchTabTest.switchTabsTest()[pri:0, instance:com.automationpractice.tests.SwitchTabTest@542e560f]" name="switchTabsTest" class="com.automationpractice.tests.SwitchTabTest"/>
      </group> <!-- TabSwitch -->
      <group name="HomePage">
        <method signature="HomepageTest.testHomePageTitle()[pri:0, instance:com.automationpractice.tests.HomepageTest@497486b3]" name="testHomePageTitle" class="com.automationpractice.tests.HomepageTest"/>
        <method signature="SearchTest.searchBarTest()[pri:0, instance:com.automationpractice.tests.SearchTest@436bc36]" name="searchBarTest" class="com.automationpractice.tests.SearchTest"/>
        <method signature="HomepageTest.testHomePageTitle()[pri:0, instance:com.automationpractice.tests.HomepageTest@362045c0]" name="testHomePageTitle" class="com.automationpractice.tests.HomepageTest"/>
        <method signature="SearchTest.searchBarTest()[pri:0, instance:com.automationpractice.tests.SearchTest@112f364d]" name="searchBarTest" class="com.automationpractice.tests.SearchTest"/>
        <method signature="HomepageTest.testHomePageTitle()[pri:0, instance:com.automationpractice.tests.HomepageTest@3243b914]" name="testHomePageTitle" class="com.automationpractice.tests.HomepageTest"/>
        <method signature="SearchTest.searchBarTest()[pri:0, instance:com.automationpractice.tests.SearchTest@241e8ea6]" name="searchBarTest" class="com.automationpractice.tests.SearchTest"/>
      </group> <!-- HomePage -->
      <group name="AccoutActions">
        <method signature="CreateAccountTest.createAccountTest()[pri:0, instance:com.automationpractice.tests.CreateAccountTest@37091312]" name="createAccountTest" class="com.automationpractice.tests.CreateAccountTest"/>
        <method signature="LoginTest.loginTest()[pri:0, instance:com.automationpractice.tests.LoginTest@604c5de8]" name="loginTest" class="com.automationpractice.tests.LoginTest"/>
        <method signature="CreateAccountTest.createAccountTest()[pri:0, instance:com.automationpractice.tests.CreateAccountTest@59252cb6]" name="createAccountTest" class="com.automationpractice.tests.CreateAccountTest"/>
        <method signature="LoginTest.loginTest()[pri:0, instance:com.automationpractice.tests.LoginTest@6d9f7a80]" name="loginTest" class="com.automationpractice.tests.LoginTest"/>
        <method signature="CreateAccountTest.createAccountTest()[pri:0, instance:com.automationpractice.tests.CreateAccountTest@4dc8caa7]" name="createAccountTest" class="com.automationpractice.tests.CreateAccountTest"/>
        <method signature="LoginTest.loginTest()[pri:0, instance:com.automationpractice.tests.LoginTest@626c44e7]" name="loginTest" class="com.automationpractice.tests.LoginTest"/>
      </group> <!-- AccoutActions -->
    </groups>
    <test started-at="2025-08-26T17:36:41 IST" name="Chrome Tests" finished-at="2025-08-26T17:37:42 IST" duration-ms="60707">
      <class name="com.automationpractice.tests.SwitchTabTest">
        <test-method is-config="true" signature="setUp(java.lang.String)[pri:0, instance:com.automationpractice.tests.SwitchTabTest@5fe1ce85]" started-at="2025-08-26T17:37:07 IST" name="setUp" finished-at="2025-08-26T17:37:16 IST" duration-ms="8706" status="PASS">
          <params>
            <param index="0">
              <value>
                <![CDATA[chrome]]>
              </value>
            </param>
          </params>
          <reporter-output>
          </reporter-output>
        </test-method> <!-- setUp -->
        <test-method signature="switchTabsTest()[pri:0, instance:com.automationpractice.tests.SwitchTabTest@5fe1ce85]" started-at="2025-08-26T17:37:16 IST" name="switchTabsTest" finished-at="2025-08-26T17:37:16 IST" duration-ms="44" status="FAIL">
          <exception class="org.openqa.selenium.NoSuchElementException">
            <message>
              <![CDATA[no such element: Unable to locate element: {"method":"xpath","selector":"//ul[@class='sf-menu']//a[@title='Women']"}
  (Session info: chrome=139.0.7258.139)
For documentation on this error, please visit: https://www.selenium.dev/documentation/webdriver/troubleshooting/errors#no-such-element-exception
Build info: version: '4.35.0', revision: '1c58e5028b'
System info: os.name: 'Windows 11', os.arch: 'amd64', os.version: '10.0', java.version: '21.0.7'
Driver info: org.openqa.selenium.chrome.ChromeDriver
Command: [73a72c254afc0d96dee97d66c676ec03, findElement {using=xpath, value=//ul[@class='sf-menu']//a[@title='Women']}]
Capabilities {acceptInsecureCerts: false, browserName: chrome, browserVersion: 139.0.7258.139, chrome: {chromedriverVersion: 139.0.7258.138 (884e54ea8d4..., userDataDir: C:\Users\JANMEJ~1\AppData\L...}, fedcm:accounts: true, goog:chromeOptions: {debuggerAddress: localhost:49388}, networkConnectionEnabled: false, pageLoadStrategy: normal, platformName: windows, proxy: Proxy(), se:cdp: ws://localhost:49388/devtoo..., se:cdpVersion: 139.0.7258.139, setWindowRect: true, strictFileInteractability: false, timeouts: {implicit: 0, pageLoad: 300000, script: 30000}, unhandledPromptBehavior: dismiss and notify, webauthn:extension:credBlob: true, webauthn:extension:largeBlob: true, webauthn:extension:minPinLength: true, webauthn:extension:prf: true, webauthn:virtualAuthenticators: true}
Session ID: 73a72c254afc0d96dee97d66c676ec03]]>
            </message>
            <full-stacktrace>
              <![CDATA[org.openqa.selenium.NoSuchElementException: no such element: Unable to locate element: {"method":"xpath","selector":"//ul[@class='sf-menu']//a[@title='Women']"}
  (Session info: chrome=139.0.7258.139)
For documentation on this error, please visit: https://www.selenium.dev/documentation/webdriver/troubleshooting/errors#no-such-element-exception
Build info: version: '4.35.0', revision: '1c58e5028b'
System info: os.name: 'Windows 11', os.arch: 'amd64', os.version: '10.0', java.version: '21.0.7'
Driver info: org.openqa.selenium.chrome.ChromeDriver
Command: [73a72c254afc0d96dee97d66c676ec03, findElement {using=xpath, value=//ul[@class='sf-menu']//a[@title='Women']}]
Capabilities {acceptInsecureCerts: false, browserName: chrome, browserVersion: 139.0.7258.139, chrome: {chromedriverVersion: 139.0.7258.138 (884e54ea8d4..., userDataDir: C:\Users\JANMEJ~1\AppData\L...}, fedcm:accounts: true, goog:chromeOptions: {debuggerAddress: localhost:49388}, networkConnectionEnabled: false, pageLoadStrategy: normal, platformName: windows, proxy: Proxy(), se:cdp: ws://localhost:49388/devtoo..., se:cdpVersion: 139.0.7258.139, setWindowRect: true, strictFileInteractability: false, timeouts: {implicit: 0, pageLoad: 300000, script: 30000}, unhandledPromptBehavior: dismiss and notify, webauthn:extension:credBlob: true, webauthn:extension:largeBlob: true, webauthn:extension:minPinLength: true, webauthn:extension:prf: true, webauthn:virtualAuthenticators: true}
Session ID: 73a72c254afc0d96dee97d66c676ec03
at java.base/jdk.internal.reflect.DirectConstructorHandleAccessor.newInstance(DirectConstructorHandleAccessor.java:62)
at java.base/java.lang.reflect.Constructor.newInstanceWithCaller(Constructor.java:502)
at java.base/java.lang.reflect.Constructor.newInstance(Constructor.java:486)
at org.openqa.selenium.remote.ErrorCodec.decode(ErrorCodec.java:167)
at org.openqa.selenium.remote.codec.w3c.W3CHttpResponseCodec.decode(W3CHttpResponseCodec.java:138)
at org.openqa.selenium.remote.codec.w3c.W3CHttpResponseCodec.decode(W3CHttpResponseCodec.java:50)
at org.openqa.selenium.remote.HttpCommandExecutor.execute(HttpCommandExecutor.java:215)
at org.openqa.selenium.remote.service.DriverCommandExecutor.invokeExecute(DriverCommandExecutor.java:216)
at org.openqa.selenium.remote.service.DriverCommandExecutor.execute(DriverCommandExecutor.java:174)
at org.openqa.selenium.remote.RemoteWebDriver.execute(RemoteWebDriver.java:557)
at org.openqa.selenium.remote.ElementLocation$ElementFinder$2.findElement(ElementLocation.java:165)
at org.openqa.selenium.remote.ElementLocation.findElement(ElementLocation.java:59)
at org.openqa.selenium.remote.RemoteWebDriver.findElement(RemoteWebDriver.java:380)
at org.openqa.selenium.remote.RemoteWebDriver.findElement(RemoteWebDriver.java:374)
at com.automationpractice.pages.TabSwitch.switchToTab1(TabSwitch.java:29)
at com.automationpractice.pages.TabSwitch.switchToTab(TabSwitch.java:53)
at com.automationpractice.tests.SwitchTabTest.switchTabsTest(SwitchTabTest.java:12)
at java.base/jdk.internal.reflect.DirectMethodHandleAccessor.invoke(DirectMethodHandleAccessor.java:103)
at java.base/java.lang.reflect.Method.invoke(Method.java:580)
at org.testng.internal.invokers.MethodInvocationHelper.invokeMethod(MethodInvocationHelper.java:141)
at org.testng.internal.invokers.TestInvoker.invokeMethod(TestInvoker.java:687)
at org.testng.internal.invokers.TestInvoker.invokeTestMethod(TestInvoker.java:230)
at org.testng.internal.invokers.MethodRunner.runInSequence(MethodRunner.java:63)
at org.testng.internal.invokers.TestInvoker$MethodInvocationAgent.invoke(TestInvoker.java:995)
at org.testng.internal.invokers.TestInvoker.invokeTestMethods(TestInvoker.java:203)
at org.testng.internal.invokers.TestMethodWorker.invokeTestMethods(TestMethodWorker.java:154)
at org.testng.internal.invokers.TestMethodWorker.run(TestMethodWorker.java:134)
at java.base/java.util.ArrayList.forEach(ArrayList.java:1596)
at org.testng.TestRunner.privateRun(TestRunner.java:741)
at org.testng.TestRunner.run(TestRunner.java:616)
at org.testng.SuiteRunner.runTest(SuiteRunner.java:421)
at org.testng.SuiteRunner$SuiteWorker.run(SuiteRunner.java:463)
at org.testng.internal.thread.ThreadUtil.lambda$execute$0(ThreadUtil.java:64)
at java.base/java.util.concurrent.FutureTask.run(FutureTask.java:317)
at java.base/java.util.concurrent.ThreadPoolExecutor.runWorker(ThreadPoolExecutor.java:1144)
at java.base/java.util.concurrent.ThreadPoolExecutor$Worker.run(ThreadPoolExecutor.java:642)
at java.base/java.lang.Thread.run(Thread.java:1583)
]]>
            </full-stacktrace>
          </exception> <!-- org.openqa.selenium.NoSuchElementException -->
          <reporter-output>
          </reporter-output>
        </test-method> <!-- switchTabsTest -->
        <test-method is-config="true" signature="tearDown()[pri:0, instance:com.automationpractice.tests.SwitchTabTest@5fe1ce85]" started-at="2025-08-26T17:37:16 IST" name="tearDown" finished-at="2025-08-26T17:37:17 IST" duration-ms="903" status="PASS">
          <reporter-output>
          </reporter-output>
        </test-method> <!-- tearDown -->
      </class> <!-- com.automationpractice.tests.SwitchTabTest -->
      <class name="com.automationpractice.tests.SearchTest">
        <test-method is-config="true" signature="setUp(java.lang.String)[pri:0, instance:com.automationpractice.tests.SearchTest@436bc36]" started-at="2025-08-26T17:36:53 IST" name="setUp" finished-at="2025-08-26T17:37:03 IST" duration-ms="9896" status="PASS">
          <params>
            <param index="0">
              <value>
                <![CDATA[chrome]]>
              </value>
            </param>
          </params>
          <reporter-output>
          </reporter-output>
        </test-method> <!-- setUp -->
        <test-method signature="searchBarTest()[pri:0, instance:com.automationpractice.tests.SearchTest@436bc36]" started-at="2025-08-26T17:37:03 IST" name="searchBarTest" finished-at="2025-08-26T17:37:06 IST" duration-ms="2888" status="PASS">
          <reporter-output>
          </reporter-output>
        </test-method> <!-- searchBarTest -->
        <test-method is-config="true" signature="tearDown()[pri:0, instance:com.automationpractice.tests.SearchTest@436bc36]" started-at="2025-08-26T17:37:06 IST" name="tearDown" finished-at="2025-08-26T17:37:07 IST" duration-ms="1261" status="PASS">
          <reporter-output>
          </reporter-output>
        </test-method> <!-- tearDown -->
      </class> <!-- com.automationpractice.tests.SearchTest -->
      <class name="com.automationpractice.tests.HomepageTest">
        <test-method is-config="true" signature="setUp(java.lang.String)[pri:0, instance:com.automationpractice.tests.HomepageTest@497486b3]" started-at="2025-08-26T17:36:42 IST" name="setUp" finished-at="2025-08-26T17:36:53 IST" duration-ms="11002" status="PASS">
          <params>
            <param index="0">
              <value>
                <![CDATA[chrome]]>
              </value>
            </param>
          </params>
          <reporter-output>
          </reporter-output>
        </test-method> <!-- setUp -->
        <test-method signature="testHomePageTitle()[pri:0, instance:com.automationpractice.tests.HomepageTest@497486b3]" started-at="2025-08-26T17:36:53 IST" name="testHomePageTitle" finished-at="2025-08-26T17:36:53 IST" duration-ms="31" status="PASS">
          <reporter-output>
          </reporter-output>
        </test-method> <!-- testHomePageTitle -->
        <test-method is-config="true" signature="tearDown()[pri:0, instance:com.automationpractice.tests.HomepageTest@497486b3]" started-at="2025-08-26T17:36:53 IST" name="tearDown" finished-at="2025-08-26T17:36:53 IST" duration-ms="524" status="PASS">
          <reporter-output>
          </reporter-output>
        </test-method> <!-- tearDown -->
      </class> <!-- com.automationpractice.tests.HomepageTest -->
      <class name="com.automationpractice.tests.LoginTest">
        <test-method is-config="true" signature="setUp(java.lang.String)[pri:0, instance:com.automationpractice.tests.LoginTest@604c5de8]" started-at="2025-08-26T17:37:17 IST" name="setUp" finished-at="2025-08-26T17:37:21 IST" duration-ms="3990" status="PASS">
          <params>
            <param index="0">
              <value>
                <![CDATA[chrome]]>
              </value>
            </param>
          </params>
          <reporter-output>
          </reporter-output>
        </test-method> <!-- setUp -->
        <test-method signature="loginTest()[pri:0, instance:com.automationpractice.tests.LoginTest@604c5de8]" started-at="2025-08-26T17:37:21 IST" name="loginTest" finished-at="2025-08-26T17:37:28 IST" duration-ms="7292" status="PASS">
          <reporter-output>
          </reporter-output>
        </test-method> <!-- loginTest -->
        <test-method is-config="true" signature="tearDown()[pri:0, instance:com.automationpractice.tests.LoginTest@604c5de8]" started-at="2025-08-26T17:37:28 IST" name="tearDown" finished-at="2025-08-26T17:37:28 IST" duration-ms="370" status="PASS">
          <reporter-output>
          </reporter-output>
        </test-method> <!-- tearDown -->
      </class> <!-- com.automationpractice.tests.LoginTest -->
      <class name="com.automationpractice.tests.CreateAccountTest">
        <test-method is-config="true" signature="setUp(java.lang.String)[pri:0, instance:com.automationpractice.tests.CreateAccountTest@37091312]" started-at="2025-08-26T17:37:28 IST" name="setUp" finished-at="2025-08-26T17:37:37 IST" duration-ms="8667" status="PASS">
          <params>
            <param index="0">
              <value>
                <![CDATA[chrome]]>
              </value>
            </param>
          </params>
          <reporter-output>
          </reporter-output>
        </test-method> <!-- setUp -->
        <test-method signature="createAccountTest()[pri:0, instance:com.automationpractice.tests.CreateAccountTest@37091312]" started-at="2025-08-26T17:37:37 IST" name="createAccountTest" finished-at="2025-08-26T17:37:42 IST" duration-ms="4431" status="PASS">
          <reporter-output>
          </reporter-output>
        </test-method> <!-- createAccountTest -->
        <test-method is-config="true" signature="tearDown()[pri:0, instance:com.automationpractice.tests.CreateAccountTest@37091312]" started-at="2025-08-26T17:37:42 IST" name="tearDown" finished-at="2025-08-26T17:37:42 IST" duration-ms="596" status="PASS">
          <reporter-output>
          </reporter-output>
        </test-method> <!-- tearDown -->
      </class> <!-- com.automationpractice.tests.CreateAccountTest -->
    </test> <!-- Chrome Tests -->
    <test started-at="2025-08-26T17:36:41 IST" name="Edge Tests" finished-at="2025-08-26T17:37:49 IST" duration-ms="67068">
      <class name="com.automationpractice.tests.SwitchTabTest">
        <test-method is-config="true" signature="setUp(java.lang.String)[pri:0, instance:com.automationpractice.tests.SwitchTabTest@542e560f]" started-at="2025-08-26T17:37:12 IST" name="setUp" finished-at="2025-08-26T17:37:16 IST" duration-ms="4160" status="PASS">
          <params>
            <param index="0">
              <value>
                <![CDATA[edge]]>
              </value>
            </param>
          </params>
          <reporter-output>
          </reporter-output>
        </test-method> <!-- setUp -->
        <test-method signature="switchTabsTest()[pri:0, instance:com.automationpractice.tests.SwitchTabTest@542e560f]" started-at="2025-08-26T17:37:16 IST" name="switchTabsTest" finished-at="2025-08-26T17:37:21 IST" duration-ms="5533" status="FAIL">
          <exception class="org.openqa.selenium.NoSuchElementException">
            <message>
              <![CDATA[no such element: Unable to locate element: {"method":"xpath","selector":"//ul[@class='sf-menu']//a[@title='Women']"}
  (Session info: MicrosoftEdge=139.0.3405.119)
For documentation on this error, please visit: https://www.selenium.dev/documentation/webdriver/troubleshooting/errors#no-such-element-exception
Build info: version: '4.35.0', revision: '1c58e5028b'
System info: os.name: 'Windows 11', os.arch: 'amd64', os.version: '10.0', java.version: '21.0.7'
Driver info: org.openqa.selenium.edge.EdgeDriver
Command: [5a8932ae788f8d61b653c2b4c740e032, findElement {using=xpath, value=//ul[@class='sf-menu']//a[@title='Women']}]
Capabilities {acceptInsecureCerts: false, browserName: MicrosoftEdge, browserVersion: 139.0.3405.119, fedcm:accounts: true, ms:edgeOptions: {debuggerAddress: localhost:63738}, msedge: {msedgedriverVersion: 139.0.3405.111 (b50ccf47c3f..., userDataDir: C:\Users\JANMEJ~1\AppData\L...}, networkConnectionEnabled: false, pageLoadStrategy: normal, platformName: windows, proxy: Proxy(), se:cdp: ws://localhost:63738/devtoo..., se:cdpVersion: 139.0.3405.119, setWindowRect: true, strictFileInteractability: false, timeouts: {implicit: 0, pageLoad: 300000, script: 30000}, unhandledPromptBehavior: dismiss and notify, webauthn:extension:credBlob: true, webauthn:extension:largeBlob: true, webauthn:extension:minPinLength: true, webauthn:extension:prf: true, webauthn:virtualAuthenticators: true}
Session ID: 5a8932ae788f8d61b653c2b4c740e032]]>
            </message>
            <full-stacktrace>
              <![CDATA[org.openqa.selenium.NoSuchElementException: no such element: Unable to locate element: {"method":"xpath","selector":"//ul[@class='sf-menu']//a[@title='Women']"}
  (Session info: MicrosoftEdge=139.0.3405.119)
For documentation on this error, please visit: https://www.selenium.dev/documentation/webdriver/troubleshooting/errors#no-such-element-exception
Build info: version: '4.35.0', revision: '1c58e5028b'
System info: os.name: 'Windows 11', os.arch: 'amd64', os.version: '10.0', java.version: '21.0.7'
Driver info: org.openqa.selenium.edge.EdgeDriver
Command: [5a8932ae788f8d61b653c2b4c740e032, findElement {using=xpath, value=//ul[@class='sf-menu']//a[@title='Women']}]
Capabilities {acceptInsecureCerts: false, browserName: MicrosoftEdge, browserVersion: 139.0.3405.119, fedcm:accounts: true, ms:edgeOptions: {debuggerAddress: localhost:63738}, msedge: {msedgedriverVersion: 139.0.3405.111 (b50ccf47c3f..., userDataDir: C:\Users\JANMEJ~1\AppData\L...}, networkConnectionEnabled: false, pageLoadStrategy: normal, platformName: windows, proxy: Proxy(), se:cdp: ws://localhost:63738/devtoo..., se:cdpVersion: 139.0.3405.119, setWindowRect: true, strictFileInteractability: false, timeouts: {implicit: 0, pageLoad: 300000, script: 30000}, unhandledPromptBehavior: dismiss and notify, webauthn:extension:credBlob: true, webauthn:extension:largeBlob: true, webauthn:extension:minPinLength: true, webauthn:extension:prf: true, webauthn:virtualAuthenticators: true}
Session ID: 5a8932ae788f8d61b653c2b4c740e032
at java.base/jdk.internal.reflect.DirectConstructorHandleAccessor.newInstance(DirectConstructorHandleAccessor.java:62)
at java.base/java.lang.reflect.Constructor.newInstanceWithCaller(Constructor.java:502)
at java.base/java.lang.reflect.Constructor.newInstance(Constructor.java:486)
at org.openqa.selenium.remote.ErrorCodec.decode(ErrorCodec.java:167)
at org.openqa.selenium.remote.codec.w3c.W3CHttpResponseCodec.decode(W3CHttpResponseCodec.java:138)
at org.openqa.selenium.remote.codec.w3c.W3CHttpResponseCodec.decode(W3CHttpResponseCodec.java:50)
at org.openqa.selenium.remote.HttpCommandExecutor.execute(HttpCommandExecutor.java:215)
at org.openqa.selenium.remote.service.DriverCommandExecutor.invokeExecute(DriverCommandExecutor.java:216)
at org.openqa.selenium.remote.service.DriverCommandExecutor.execute(DriverCommandExecutor.java:174)
at org.openqa.selenium.remote.RemoteWebDriver.execute(RemoteWebDriver.java:557)
at org.openqa.selenium.remote.ElementLocation$ElementFinder$2.findElement(ElementLocation.java:165)
at org.openqa.selenium.remote.ElementLocation.findElement(ElementLocation.java:59)
at org.openqa.selenium.remote.RemoteWebDriver.findElement(RemoteWebDriver.java:380)
at org.openqa.selenium.remote.RemoteWebDriver.findElement(RemoteWebDriver.java:374)
at com.automationpractice.pages.TabSwitch.switchToTab1(TabSwitch.java:29)
at com.automationpractice.pages.TabSwitch.switchToTab(TabSwitch.java:53)
at com.automationpractice.tests.SwitchTabTest.switchTabsTest(SwitchTabTest.java:12)
at java.base/jdk.internal.reflect.DirectMethodHandleAccessor.invoke(DirectMethodHandleAccessor.java:103)
at java.base/java.lang.reflect.Method.invoke(Method.java:580)
at org.testng.internal.invokers.MethodInvocationHelper.invokeMethod(MethodInvocationHelper.java:141)
at org.testng.internal.invokers.TestInvoker.invokeMethod(TestInvoker.java:687)
at org.testng.internal.invokers.TestInvoker.invokeTestMethod(TestInvoker.java:230)
at org.testng.internal.invokers.MethodRunner.runInSequence(MethodRunner.java:63)
at org.testng.internal.invokers.TestInvoker$MethodInvocationAgent.invoke(TestInvoker.java:995)
at org.testng.internal.invokers.TestInvoker.invokeTestMethods(TestInvoker.java:203)
at org.testng.internal.invokers.TestMethodWorker.invokeTestMethods(TestMethodWorker.java:154)
at org.testng.internal.invokers.TestMethodWorker.run(TestMethodWorker.java:134)
at java.base/java.util.ArrayList.forEach(ArrayList.java:1596)
at org.testng.TestRunner.privateRun(TestRunner.java:741)
at org.testng.TestRunner.run(TestRunner.java:616)
at org.testng.SuiteRunner.runTest(SuiteRunner.java:421)
at org.testng.SuiteRunner$SuiteWorker.run(SuiteRunner.java:463)
at org.testng.internal.thread.ThreadUtil.lambda$execute$0(ThreadUtil.java:64)
at java.base/java.util.concurrent.FutureTask.run(FutureTask.java:317)
at java.base/java.util.concurrent.ThreadPoolExecutor.runWorker(ThreadPoolExecutor.java:1144)
at java.base/java.util.concurrent.ThreadPoolExecutor$Worker.run(ThreadPoolExecutor.java:642)
at java.base/java.lang.Thread.run(Thread.java:1583)
]]>
            </full-stacktrace>
          </exception> <!-- org.openqa.selenium.NoSuchElementException -->
          <reporter-output>
          </reporter-output>
        </test-method> <!-- switchTabsTest -->
        <test-method is-config="true" signature="tearDown()[pri:0, instance:com.automationpractice.tests.SwitchTabTest@542e560f]" started-at="2025-08-26T17:37:21 IST" name="tearDown" finished-at="2025-08-26T17:37:23 IST" duration-ms="1123" status="PASS">
          <reporter-output>
          </reporter-output>
        </test-method> <!-- tearDown -->
      </class> <!-- com.automationpractice.tests.SwitchTabTest -->
      <class name="com.automationpractice.tests.SearchTest">
        <test-method is-config="true" signature="setUp(java.lang.String)[pri:0, instance:com.automationpractice.tests.SearchTest@241e8ea6]" started-at="2025-08-26T17:36:53 IST" name="setUp" finished-at="2025-08-26T17:37:07 IST" duration-ms="14097" status="PASS">
          <params>
            <param index="0">
              <value>
                <![CDATA[edge]]>
              </value>
            </param>
          </params>
          <reporter-output>
          </reporter-output>
        </test-method> <!-- setUp -->
        <test-method signature="searchBarTest()[pri:0, instance:com.automationpractice.tests.SearchTest@241e8ea6]" started-at="2025-08-26T17:37:07 IST" name="searchBarTest" finished-at="2025-08-26T17:37:09 IST" duration-ms="2365" status="PASS">
          <reporter-output>
          </reporter-output>
        </test-method> <!-- searchBarTest -->
        <test-method is-config="true" signature="tearDown()[pri:0, instance:com.automationpractice.tests.SearchTest@241e8ea6]" started-at="2025-08-26T17:37:09 IST" name="tearDown" finished-at="2025-08-26T17:37:12 IST" duration-ms="2300" status="PASS">
          <reporter-output>
          </reporter-output>
        </test-method> <!-- tearDown -->
      </class> <!-- com.automationpractice.tests.SearchTest -->
      <class name="com.automationpractice.tests.HomepageTest">
        <test-method is-config="true" signature="setUp(java.lang.String)[pri:0, instance:com.automationpractice.tests.HomepageTest@3243b914]" started-at="2025-08-26T17:36:42 IST" name="setUp" finished-at="2025-08-26T17:36:52 IST" duration-ms="10613" status="PASS">
          <params>
            <param index="0">
              <value>
                <![CDATA[edge]]>
              </value>
            </param>
          </params>
          <reporter-output>
          </reporter-output>
        </test-method> <!-- setUp -->
        <test-method signature="testHomePageTitle()[pri:0, instance:com.automationpractice.tests.HomepageTest@3243b914]" started-at="2025-08-26T17:36:52 IST" name="testHomePageTitle" finished-at="2025-08-26T17:36:52 IST" duration-ms="65" status="PASS">
          <reporter-output>
          </reporter-output>
        </test-method> <!-- testHomePageTitle -->
        <test-method is-config="true" signature="tearDown()[pri:0, instance:com.automationpractice.tests.HomepageTest@3243b914]" started-at="2025-08-26T17:36:52 IST" name="tearDown" finished-at="2025-08-26T17:36:53 IST" duration-ms="684" status="PASS">
          <reporter-output>
          </reporter-output>
        </test-method> <!-- tearDown -->
      </class> <!-- com.automationpractice.tests.HomepageTest -->
      <class name="com.automationpractice.tests.LoginTest">
        <test-method is-config="true" signature="setUp(java.lang.String)[pri:0, instance:com.automationpractice.tests.LoginTest@626c44e7]" started-at="2025-08-26T17:37:23 IST" name="setUp" finished-at="2025-08-26T17:37:31 IST" duration-ms="8825" status="PASS">
          <params>
            <param index="0">
              <value>
                <![CDATA[edge]]>
              </value>
            </param>
          </params>
          <reporter-output>
          </reporter-output>
        </test-method> <!-- setUp -->
        <test-method signature="loginTest()[pri:0, instance:com.automationpractice.tests.LoginTest@626c44e7]" started-at="2025-08-26T17:37:31 IST" name="loginTest" finished-at="2025-08-26T17:37:38 IST" duration-ms="6422" status="PASS">
          <reporter-output>
          </reporter-output>
        </test-method> <!-- loginTest -->
        <test-method is-config="true" signature="tearDown()[pri:0, instance:com.automationpractice.tests.LoginTest@626c44e7]" started-at="2025-08-26T17:37:38 IST" name="tearDown" finished-at="2025-08-26T17:37:39 IST" duration-ms="817" status="PASS">
          <reporter-output>
          </reporter-output>
        </test-method> <!-- tearDown -->
      </class> <!-- com.automationpractice.tests.LoginTest -->
      <class name="com.automationpractice.tests.CreateAccountTest">
        <test-method is-config="true" signature="setUp(java.lang.String)[pri:0, instance:com.automationpractice.tests.CreateAccountTest@4dc8caa7]" started-at="2025-08-26T17:37:39 IST" name="setUp" finished-at="2025-08-26T17:37:46 IST" duration-ms="7587" status="PASS">
          <params>
            <param index="0">
              <value>
                <![CDATA[edge]]>
              </value>
            </param>
          </params>
          <reporter-output>
          </reporter-output>
        </test-method> <!-- setUp -->
        <test-method signature="createAccountTest()[pri:0, instance:com.automationpractice.tests.CreateAccountTest@4dc8caa7]" started-at="2025-08-26T17:37:46 IST" name="createAccountTest" finished-at="2025-08-26T17:37:48 IST" duration-ms="1836" status="PASS">
          <reporter-output>
          </reporter-output>
        </test-method> <!-- createAccountTest -->
        <test-method is-config="true" signature="tearDown()[pri:0, instance:com.automationpractice.tests.CreateAccountTest@4dc8caa7]" started-at="2025-08-26T17:37:48 IST" name="tearDown" finished-at="2025-08-26T17:37:49 IST" duration-ms="532" status="PASS">
          <reporter-output>
          </reporter-output>
        </test-method> <!-- tearDown -->
      </class> <!-- com.automationpractice.tests.CreateAccountTest -->
    </test> <!-- Edge Tests -->
    <test started-at="2025-08-26T17:36:41 IST" name="Firefox Tests" finished-at="2025-08-26T17:38:01 IST" duration-ms="79620">
      <class name="com.automationpractice.tests.SwitchTabTest">
        <test-method is-config="true" signature="setUp(java.lang.String)[pri:0, instance:com.automationpractice.tests.SwitchTabTest@5ccbeb64]" started-at="2025-08-26T17:37:16 IST" name="setUp" finished-at="2025-08-26T17:37:29 IST" duration-ms="12658" status="PASS">
          <params>
            <param index="0">
              <value>
                <![CDATA[firefox]]>
              </value>
            </param>
          </params>
          <reporter-output>
          </reporter-output>
        </test-method> <!-- setUp -->
        <test-method signature="switchTabsTest()[pri:0, instance:com.automationpractice.tests.SwitchTabTest@5ccbeb64]" started-at="2025-08-26T17:37:29 IST" name="switchTabsTest" finished-at="2025-08-26T17:37:29 IST" duration-ms="68" status="FAIL">
          <exception class="org.openqa.selenium.NoSuchElementException">
            <message>
              <![CDATA[Unable to locate element: //ul[@class='sf-menu']//a[@title='Women']
For documentation on this error, please visit: https://www.selenium.dev/documentation/webdriver/troubleshooting/errors#no-such-element-exception
Build info: version: '4.35.0', revision: '1c58e5028b'
System info: os.name: 'Windows 11', os.arch: 'amd64', os.version: '10.0', java.version: '21.0.7'
Driver info: org.openqa.selenium.firefox.FirefoxDriver
Command: [91cee54f-ee0a-4a1b-b92f-aac10dfff095, findElement {using=xpath, value=//ul[@class='sf-menu']//a[@title='Women']}]
Capabilities {acceptInsecureCerts: true, browserName: firefox, browserVersion: 141.0.2, moz:accessibilityChecks: false, moz:buildID: 20250804082849, moz:geckodriverVersion: 0.36.0, moz:headless: false, moz:platformVersion: 10.0, moz:processID: 1368, moz:profile: C:\Users\JANMEJ~1\AppData\L..., moz:shutdownTimeout: 60000, moz:webdriverClick: true, moz:windowless: false, pageLoadStrategy: normal, platformName: windows, proxy: Proxy(), setWindowRect: true, strictFileInteractability: false, timeouts: {implicit: 0, pageLoad: 300000, script: 30000}, unhandledPromptBehavior: dismiss and notify, userAgent: Mozilla/5.0 (Windows NT 10....}
Session ID: 91cee54f-ee0a-4a1b-b92f-aac10dfff095]]>
            </message>
            <full-stacktrace>
              <![CDATA[org.openqa.selenium.NoSuchElementException: Unable to locate element: //ul[@class='sf-menu']//a[@title='Women']
For documentation on this error, please visit: https://www.selenium.dev/documentation/webdriver/troubleshooting/errors#no-such-element-exception
Build info: version: '4.35.0', revision: '1c58e5028b'
System info: os.name: 'Windows 11', os.arch: 'amd64', os.version: '10.0', java.version: '21.0.7'
Driver info: org.openqa.selenium.firefox.FirefoxDriver
Command: [91cee54f-ee0a-4a1b-b92f-aac10dfff095, findElement {using=xpath, value=//ul[@class='sf-menu']//a[@title='Women']}]
Capabilities {acceptInsecureCerts: true, browserName: firefox, browserVersion: 141.0.2, moz:accessibilityChecks: false, moz:buildID: 20250804082849, moz:geckodriverVersion: 0.36.0, moz:headless: false, moz:platformVersion: 10.0, moz:processID: 1368, moz:profile: C:\Users\JANMEJ~1\AppData\L..., moz:shutdownTimeout: 60000, moz:webdriverClick: true, moz:windowless: false, pageLoadStrategy: normal, platformName: windows, proxy: Proxy(), setWindowRect: true, strictFileInteractability: false, timeouts: {implicit: 0, pageLoad: 300000, script: 30000}, unhandledPromptBehavior: dismiss and notify, userAgent: Mozilla/5.0 (Windows NT 10....}
Session ID: 91cee54f-ee0a-4a1b-b92f-aac10dfff095
at java.base/jdk.internal.reflect.DirectConstructorHandleAccessor.newInstance(DirectConstructorHandleAccessor.java:62)
at java.base/java.lang.reflect.Constructor.newInstanceWithCaller(Constructor.java:502)
at java.base/java.lang.reflect.Constructor.newInstance(Constructor.java:486)
at org.openqa.selenium.remote.ErrorCodec.decode(ErrorCodec.java:167)
at org.openqa.selenium.remote.codec.w3c.W3CHttpResponseCodec.decode(W3CHttpResponseCodec.java:138)
at org.openqa.selenium.remote.codec.w3c.W3CHttpResponseCodec.decode(W3CHttpResponseCodec.java:50)
at org.openqa.selenium.remote.HttpCommandExecutor.execute(HttpCommandExecutor.java:215)
at org.openqa.selenium.remote.service.DriverCommandExecutor.invokeExecute(DriverCommandExecutor.java:216)
at org.openqa.selenium.remote.service.DriverCommandExecutor.execute(DriverCommandExecutor.java:174)
at org.openqa.selenium.remote.RemoteWebDriver.execute(RemoteWebDriver.java:557)
at org.openqa.selenium.remote.ElementLocation$ElementFinder$2.findElement(ElementLocation.java:165)
at org.openqa.selenium.remote.ElementLocation.findElement(ElementLocation.java:59)
at org.openqa.selenium.remote.RemoteWebDriver.findElement(RemoteWebDriver.java:380)
at org.openqa.selenium.remote.RemoteWebDriver.findElement(RemoteWebDriver.java:374)
at com.automationpractice.pages.TabSwitch.switchToTab1(TabSwitch.java:29)
at com.automationpractice.pages.TabSwitch.switchToTab(TabSwitch.java:53)
at com.automationpractice.tests.SwitchTabTest.switchTabsTest(SwitchTabTest.java:12)
at java.base/jdk.internal.reflect.DirectMethodHandleAccessor.invoke(DirectMethodHandleAccessor.java:103)
at java.base/java.lang.reflect.Method.invoke(Method.java:580)
at org.testng.internal.invokers.MethodInvocationHelper.invokeMethod(MethodInvocationHelper.java:141)
at org.testng.internal.invokers.TestInvoker.invokeMethod(TestInvoker.java:687)
at org.testng.internal.invokers.TestInvoker.invokeTestMethod(TestInvoker.java:230)
at org.testng.internal.invokers.MethodRunner.runInSequence(MethodRunner.java:63)
at org.testng.internal.invokers.TestInvoker$MethodInvocationAgent.invoke(TestInvoker.java:995)
at org.testng.internal.invokers.TestInvoker.invokeTestMethods(TestInvoker.java:203)
at org.testng.internal.invokers.TestMethodWorker.invokeTestMethods(TestMethodWorker.java:154)
at org.testng.internal.invokers.TestMethodWorker.run(TestMethodWorker.java:134)
at java.base/java.util.ArrayList.forEach(ArrayList.java:1596)
at org.testng.TestRunner.privateRun(TestRunner.java:741)
at org.testng.TestRunner.run(TestRunner.java:616)
at org.testng.SuiteRunner.runTest(SuiteRunner.java:421)
at org.testng.SuiteRunner$SuiteWorker.run(SuiteRunner.java:463)
at org.testng.internal.thread.ThreadUtil.lambda$execute$0(ThreadUtil.java:64)
at java.base/java.util.concurrent.FutureTask.run(FutureTask.java:317)
at java.base/java.util.concurrent.ThreadPoolExecutor.runWorker(ThreadPoolExecutor.java:1144)
at java.base/java.util.concurrent.ThreadPoolExecutor$Worker.run(ThreadPoolExecutor.java:642)
at java.base/java.lang.Thread.run(Thread.java:1583)
]]>
            </full-stacktrace>
          </exception> <!-- org.openqa.selenium.NoSuchElementException -->
          <reporter-output>
          </reporter-output>
        </test-method> <!-- switchTabsTest -->
        <test-method is-config="true" signature="tearDown()[pri:0, instance:com.automationpractice.tests.SwitchTabTest@5ccbeb64]" started-at="2025-08-26T17:37:29 IST" name="tearDown" finished-at="2025-08-26T17:37:32 IST" duration-ms="2817" status="PASS">
          <reporter-output>
          </reporter-output>
        </test-method> <!-- tearDown -->
      </class> <!-- com.automationpractice.tests.SwitchTabTest -->
      <class name="com.automationpractice.tests.SearchTest">
        <test-method is-config="true" signature="setUp(java.lang.String)[pri:0, instance:com.automationpractice.tests.SearchTest@112f364d]" started-at="2025-08-26T17:36:59 IST" name="setUp" finished-at="2025-08-26T17:37:12 IST" duration-ms="12818" status="PASS">
          <params>
            <param index="0">
              <value>
                <![CDATA[firefox]]>
              </value>
            </param>
          </params>
          <reporter-output>
          </reporter-output>
        </test-method> <!-- setUp -->
        <test-method signature="searchBarTest()[pri:0, instance:com.automationpractice.tests.SearchTest@112f364d]" started-at="2025-08-26T17:37:12 IST" name="searchBarTest" finished-at="2025-08-26T17:37:12 IST" duration-ms="367" status="PASS">
          <reporter-output>
          </reporter-output>
        </test-method> <!-- searchBarTest -->
        <test-method is-config="true" signature="tearDown()[pri:0, instance:com.automationpractice.tests.SearchTest@112f364d]" started-at="2025-08-26T17:37:12 IST" name="tearDown" finished-at="2025-08-26T17:37:16 IST" duration-ms="3769" status="PASS">
          <reporter-output>
          </reporter-output>
        </test-method> <!-- tearDown -->
      </class> <!-- com.automationpractice.tests.SearchTest -->
      <class name="com.automationpractice.tests.HomepageTest">
        <test-method is-config="true" signature="setUp(java.lang.String)[pri:0, instance:com.automationpractice.tests.HomepageTest@362045c0]" started-at="2025-08-26T17:36:42 IST" name="setUp" finished-at="2025-08-26T17:36:56 IST" duration-ms="14688" status="PASS">
          <params>
            <param index="0">
              <value>
                <![CDATA[firefox]]>
              </value>
            </param>
          </params>
          <reporter-output>
          </reporter-output>
        </test-method> <!-- setUp -->
        <test-method signature="testHomePageTitle()[pri:0, instance:com.automationpractice.tests.HomepageTest@362045c0]" started-at="2025-08-26T17:36:56 IST" name="testHomePageTitle" finished-at="2025-08-26T17:36:56 IST" duration-ms="22" status="PASS">
          <reporter-output>
          </reporter-output>
        </test-method> <!-- testHomePageTitle -->
        <test-method is-config="true" signature="tearDown()[pri:0, instance:com.automationpractice.tests.HomepageTest@362045c0]" started-at="2025-08-26T17:36:56 IST" name="tearDown" finished-at="2025-08-26T17:36:59 IST" duration-ms="2792" status="PASS">
          <reporter-output>
          </reporter-output>
        </test-method> <!-- tearDown -->
      </class> <!-- com.automationpractice.tests.HomepageTest -->
      <class name="com.automationpractice.tests.LoginTest">
        <test-method is-config="true" signature="setUp(java.lang.String)[pri:0, instance:com.automationpractice.tests.LoginTest@6d9f7a80]" started-at="2025-08-26T17:37:32 IST" name="setUp" finished-at="2025-08-26T17:37:44 IST" duration-ms="12338" status="PASS">
          <params>
            <param index="0">
              <value>
                <![CDATA[firefox]]>
              </value>
            </param>
          </params>
          <reporter-output>
          </reporter-output>
        </test-method> <!-- setUp -->
        <test-method signature="loginTest()[pri:0, instance:com.automationpractice.tests.LoginTest@6d9f7a80]" started-at="2025-08-26T17:37:44 IST" name="loginTest" finished-at="2025-08-26T17:37:46 IST" duration-ms="2185" status="PASS">
          <reporter-output>
          </reporter-output>
        </test-method> <!-- loginTest -->
        <test-method is-config="true" signature="tearDown()[pri:0, instance:com.automationpractice.tests.LoginTest@6d9f7a80]" started-at="2025-08-26T17:37:46 IST" name="tearDown" finished-at="2025-08-26T17:37:48 IST" duration-ms="1838" status="PASS">
          <reporter-output>
          </reporter-output>
        </test-method> <!-- tearDown -->
      </class> <!-- com.automationpractice.tests.LoginTest -->
      <class name="com.automationpractice.tests.CreateAccountTest">
        <test-method is-config="true" signature="setUp(java.lang.String)[pri:0, instance:com.automationpractice.tests.CreateAccountTest@59252cb6]" started-at="2025-08-26T17:37:48 IST" name="setUp" finished-at="2025-08-26T17:37:58 IST" duration-ms="9921" status="PASS">
          <params>
            <param index="0">
              <value>
                <![CDATA[firefox]]>
              </value>
            </param>
          </params>
          <reporter-output>
          </reporter-output>
        </test-method> <!-- setUp -->
        <test-method signature="createAccountTest()[pri:0, instance:com.automationpractice.tests.CreateAccountTest@59252cb6]" started-at="2025-08-26T17:37:58 IST" name="createAccountTest" finished-at="2025-08-26T17:38:00 IST" duration-ms="1721" status="PASS">
          <reporter-output>
          </reporter-output>
        </test-method> <!-- createAccountTest -->
        <test-method is-config="true" signature="tearDown()[pri:0, instance:com.automationpractice.tests.CreateAccountTest@59252cb6]" started-at="2025-08-26T17:38:00 IST" name="tearDown" finished-at="2025-08-26T17:38:01 IST" duration-ms="1518" status="PASS">
          <reporter-output>
          </reporter-output>
        </test-method> <!-- tearDown -->
      </class> <!-- com.automationpractice.tests.CreateAccountTest -->
    </test> <!-- Firefox Tests -->
  </suite> <!-- AutomationPractice Suite -->
</testng-results>
